/opt/Linux_Backup_Minecraft/AutoBackup.sh: line 6: /root/.bash_profile: No such file or directory
--------------------------
0809_18_19_01-开始备份数据...
操作完成.
[2022-08-09 18:19:02] Successful
--------------------------
counting backup nums
6
/opt/Linux_Backup_Minecraft/AutoBackup.sh: line 6: /root/.bash_profile: No such file or directory
--------------------------
0809_18_20_01-开始备份数据...
操作完成.
[2022-08-09 18:20:01] Successful
--------------------------
counting backup nums
7
/opt/Linux_Backup_Minecraft/AutoBackup.sh: line 6: /root/.bash_profile: No such file or directory
--------------------------
0809_18_21_01-开始备份数据...
操作完成.
[2022-08-09 18:21:02] Successful
--------------------------
counting backup nums
8
/opt/Linux_Backup_Minecraft/AutoBackup.sh: line 6: /root/.bash_profile: No such file or directory
--------------------------
0809_18_22_01-开始备份数据...
操作完成.
[2022-08-09 18:22:01] Successful
当前共有[9]个备份文件
--------------------------
/opt/Linux_Backup_Minecraft/AutoBackup.sh: line 6: /root/.bash_profile: No such file or directory
--------------------------
[] 开始备份数据
操作完成.
[2022-08-09 18:23:02] 备份数据成功
当前共有[10]个备份文件
--------------------------
/opt/Linux_Backup_Minecraft/AutoBackup.sh: line 6: /root/.bash_profile: No such file or directory
--------------------------
[2022-08-09 18:24:01] 开始备份数据
操作完成.
[2022-08-09 18:24:01] 备份数据成功
当前共有[11]个备份文件
删除了[/opt/Linux_Backup_Minecraft/backup/08-月/0808_21_03_10-region-主地图.zip]以节省存储
--------------------------
/opt/Linux_Backup_Minecraft/AutoBackup.sh: line 6: /root/.bash_profile: No such file or directory
--------------------------
[2022-08-09 18:25:01] 开始备份数据
操作完成.
[2022-08-09 18:25:01] 备份数据成功
删除了[/opt/Linux_Backup_Minecraft/backup/08-月/0808_21_05_10-region-主地图.zip]以节省存储
现在有[10]个备份文件
--------------------------
/opt/Linux_Backup_Minecraft/AutoBackup.sh: line 6: /root/.bash_profile: No such file or directory
--------------------------
[2022-08-09 18:26:01] 开始备份数据
操作完成. /opt/Linux_Backup_Minecraft/backup/08-月/0809_18_26_01-region-主地图.zip
[2022-08-09 18:26:02] 备份数据成功
删除了[/opt/Linux_Backup_Minecraft/backup/08-月/0809_17_57_12-region-主地图.zip]以节省存储
现在有[10]个备份文件
--------------------------
/opt/Linux_Backup_Minecraft/AutoBackup.sh: line 6: /root/.bash_profile: No such file or directory
--------------------------
[2022-08-09 18:27:01] 开始备份数据
/opt/Linux_Backup_Minecraft/backup/08-月/0809_18_27_01-region-主地图.zip
[2022-08-09 18:27:01] 备份数据成功
删除了 [/opt/Linux_Backup_Minecraft/backup/08-月/0809_17_57_55-region-主地图.zip] 以节省存储
现在有[10]个备份文件
--------------------------
/opt/Linux_Backup_Minecraft/AutoBackup.sh: line 6: /root/.bash_profile: No such file or directory
--------------------------
[2022-08-09 18:28:01] 开始备份数据
/opt/Linux_Backup_Minecraft/backup/08-月/0809_18_28_01-region-主地图.zip
[2022-08-09 18:28:02] 备份数据成功
删除了 [/opt/Linux_Backup_Minecraft/backup/08-月/0809_17_58_56-region-主地图.zip] 以节省存储
现在有[10]个备份文件
--------------------------
/opt/Linux_Backup_Minecraft/AutoBackup.sh: line 6: /root/.bash_profile: No such file or directory
--------------------------
[2022-08-09 18:29:01] 开始备份数据
/opt/Linux_Backup_Minecraft/backup/08-月/0809_18_29_01-region-主地图.zip
[2022-08-09 18:29:01] 备份数据成功
删除了 [/opt/Linux_Backup_Minecraft/backup/08-月/0809_18_19_01-region-主地图.zip] 以节省存储
现在有[10]个备份文件
--------------------------
